[29Mar2025 03:14:01.874] [main/INFO] [cpw.mods.modlauncher.Launcher/MODLAUNCHER]: ModLauncher running: args [--launchTarget, neoforgeclientdev, --version, 21.4.123, --assetIndex, 19, --assetsDir, C:\\Users\\Pluem\\.mcreator\\gradle\\caches\\neoformruntime\\assets, --gameDir, ., --fml.fmlVersion, 6.0.11, --fml.mcVersion, 1.21.4, --fml.neoForgeVersion, 21.4.123, --fml.neoFormVersion, 20241203.161809]
[29Mar2025 03:14:01.891] [main/INFO] [cpw.mods.modlauncher.Launcher/MODLAUNCHER]: JVM identified as Eclipse Adoptium OpenJDK 64-Bit Server VM 21.0.5+11-LTS
[29Mar2025 03:14:01.900] [main/INFO] [cpw.mods.modlauncher.Launcher/MODLAUNCHER]: ModLauncher 11.0.4+main.d2e20e43 starting: java version 21.0.5 by Eclipse Adoptium; OS Windows 11 arch amd64 version 10.0
[29Mar2025 03:14:02.451] [main/INFO] [net.neoforged.fml.loading.ImmediateWindowHandler/]: Loading ImmediateWindowProvider fmlearlywindow
[29Mar2025 03:14:03.181] [main/INFO] [EARLYDISPLAY/]: Trying GL version 4.6
[29Mar2025 03:14:04.859] [main/INFO] [EARLYDISPLAY/]: Requested GL version 4.6 got version 4.6
[29Mar2025 03:14:06.472] [main/INFO] [mixin/]: SpongePowered MIXIN Subsystem Version=0.8.7 Source=union:/C:/Users/Pluem/.mcreator/gradle/caches/modules-2/files-2.1/net.fabricmc/sponge-mixin/0.15.2+mixin.0.8.7/2af2f021d8e02a0220dc27a7a72b4666d66d44ca/sponge-mixin-0.15.2+mixin.0.8.7.jar%23162!/ Service=ModLauncher Env=CLIENT
[29Mar2025 03:14:08.231] [pool-2-thread-1/INFO] [EARLYDISPLAY/]: GL info: AMD Radeon(TM) Graphics GL version 4.6.0 Core Profile Context 25.3.1.250220, ATI Technologies Inc.
[29Mar2025 03:14:10.205] [main/INFO] [net.neoforged.fml.loading.moddiscovery.locators.JarInJarDependencyLocator/]: Found 2 dependencies adding them to mods collection
[29Mar2025 03:14:10.252] [main/INFO] [net.neoforged.fml.loading.moddiscovery.ModDiscoverer/]: 
     Mod List:
		Name Version (Mod Id)

		i forge gorege 1.1 (i_forge_gorege)
		Minecraft 1.21.4 (minecraft)
		NeoForge 21.4.123 (neoforge)
[29Mar2025 03:14:15.437] [main/INFO] [cpw.mods.modlauncher.LaunchServiceHandler/MODLAUNCHER]: Launching target 'neoforgeclientdev' with arguments [--version, 21.4.123, --gameDir, ., --assetsDir, C:\Users\Pluem\.mcreator\gradle\caches\neoformruntime\assets, --assetIndex, 19]
[29Mar2025 03:14:25.843] [main/WARN] [oshi.driver.windows.perfmon.PerfmonDisabled/]: Invalid registry value type detected for PerfOS counters. Should be REG_DWORD. Ignoring: HKEY_LOCAL_MACHINE\SYSTEM\CurrentControlSet\Services\PerfOS\Performance\Disable Performance Counters.
[29Mar2025 03:14:26.173] [pool-7-thread-1/INFO] [MixinExtras|Service/]: Initializing MixinExtras via com.llamalad7.mixinextras.service.MixinExtrasServiceImpl(version=0.4.1).
[29Mar2025 03:14:27.222] [Datafixer Bootstrap/INFO] [com.mojang.datafixers.DataFixerBuilder/]: 246 Datafixer optimizations took 3838 milliseconds
[29Mar2025 03:14:46.635] [main/WARN] [net.minecraft.commands.Commands/]: Ambiguity between arguments [teleport, location] and [teleport, destination] with inputs: [0.1 -0.5 .9, 0 0 0]
[29Mar2025 03:14:46.639] [main/WARN] [net.minecraft.commands.Commands/]: Ambiguity between arguments [teleport, location] and [teleport, targets] with inputs: [0.1 -0.5 .9, 0 0 0]
[29Mar2025 03:14:46.648] [main/WARN] [net.minecraft.commands.Commands/]: Ambiguity between arguments [teleport, destination] and [teleport, targets] with inputs: [Player, 0123, @e, dd12be42-52a9-4a91-a8a1-11c01849e498]
[29Mar2025 03:14:46.653] [main/WARN] [net.minecraft.commands.Commands/]: Ambiguity between arguments [teleport, targets] and [teleport, destination] with inputs: [Player, 0123, dd12be42-52a9-4a91-a8a1-11c01849e498]
[29Mar2025 03:14:46.656] [main/WARN] [net.minecraft.commands.Commands/]: Ambiguity between arguments [teleport, targets, location] and [teleport, targets, destination] with inputs: [0.1 -0.5 .9, 0 0 0]
[29Mar2025 03:14:47.148] [Render thread/WARN] [net.minecraft.server.packs.VanillaPackResourcesBuilder/]: Assets URL 'union:/C:/Users/Pluem/MCreatorWorkspaces/iforgegeorge/build/moddev/artifacts/neoforge-21.4.123.jar%23215!/assets/.mcassetsroot' uses unexpected schema
[29Mar2025 03:14:47.149] [Render thread/WARN] [net.minecraft.server.packs.VanillaPackResourcesBuilder/]: Assets URL 'union:/C:/Users/Pluem/MCreatorWorkspaces/iforgegeorge/build/moddev/artifacts/neoforge-21.4.123.jar%23215!/data/.mcassetsroot' uses unexpected schema
[29Mar2025 03:14:47.318] [Render thread/INFO] [com.mojang.authlib.yggdrasil.YggdrasilAuthenticationService/]: Environment: Environment[sessionHost=https://sessionserver.mojang.com, servicesHost=https://api.minecraftservices.com, name=PROD]
[29Mar2025 03:14:47.340] [Render thread/INFO] [net.minecraft.client.Minecraft/]: Setting user: Dev
[29Mar2025 03:14:47.809] [Render thread/INFO] [net.minecraft.client.Minecraft/]: Backend library: LWJGL version 3.3.3+5
[29Mar2025 03:14:48.885] [modloading-worker-0/INFO] [net.neoforged.neoforge.common.NeoForgeMod/NEOFORGE-MOD]: NeoForge mod loading, version 21.4.123, for MC 1.21.4
[29Mar2025 03:14:52.779] [Render thread/INFO] [net.neoforged.neoforge.gametest.GameTestHooks/]: Enabled Gametest Namespaces: []
[29Mar2025 03:14:53.992] [Render thread/INFO] [net.minecraft.server.packs.resources.ReloadableResourceManager/]: Reloading ResourceManager: vanilla, mod_resources, mod/neoforge, mod/i_forge_gorege
[29Mar2025 03:14:55.158] [resourceLoad/INFO] [net.minecraft.client.gui.font.providers.UnihexProvider/]: Found unifont_all_no_pua-16.0.01.hex, loading
[29Mar2025 03:14:56.963] [resourceLoad/INFO] [net.minecraft.client.gui.font.providers.UnihexProvider/]: Found unifont_jp_patch-16.0.01.hex, loading
[29Mar2025 03:14:57.704] [resourceLoad/WARN] [net.minecraft.client.renderer.texture.SpriteLoader/]: Texture i_forge_gorege:item/pngfind.com-mini-gun-png-5323867 with size 800x459 limits mip level from 2 to 0
[29Mar2025 03:14:59.216] [resourceLoad/ERROR] [net.minecraft.client.resources.model.ModelManager/]: Failed to load model i_forge_gorege:models/item/nutgaming_bucket.json
com.google.gson.JsonParseException: Unknown loader: forge:bucket (did you forget to register it?) Available loaders: neoforge:empty, neoforge:obj, neoforge:composite
	at TRANSFORMER/neoforge@21.4.123/net.neoforged.neoforge.client.model.UnbakedModelParser$Deserializer.deserialize(UnbakedModelParser.java:72) ~[neoforge-21.4.123.jar%23216!/:?]
	at TRANSFORMER/neoforge@21.4.123/net.neoforged.neoforge.client.model.UnbakedModelParser$Deserializer.deserialize(UnbakedModelParser.java:46) ~[neoforge-21.4.123.jar%23216!/:?]
	at MC-BOOTSTRAP/com.google.gson@2.11.0/com.google.gson.internal.bind.TreeTypeAdapter.read(TreeTypeAdapter.java:95) ~[gson-2.11.0.jar%23127!/:?]
	at TRANSFORMER/minecraft@1.21.4/net.minecraft.util.GsonHelper.fromNullableJson(GsonHelper.java:432) ~[neoforge-21.4.123.jar%23215!/:?]
	at TRANSFORMER/minecraft@1.21.4/net.minecraft.util.GsonHelper.fromJson(GsonHelper.java:439) ~[neoforge-21.4.123.jar%23215!/:?]
	at TRANSFORMER/minecraft@1.21.4/net.minecraft.util.GsonHelper.fromJson(GsonHelper.java:491) ~[neoforge-21.4.123.jar%23215!/:?]
	at TRANSFORMER/neoforge@21.4.123/net.neoforged.neoforge.client.model.UnbakedModelParser.parse(UnbakedModelParser.java:43) ~[neoforge-21.4.123.jar%23216!/:?]
	at TRANSFORMER/minecraft@1.21.4/net.minecraft.client.resources.model.ModelManager.lambda$loadBlockModels$10(ModelManager.java:195) ~[neoforge-21.4.123.jar%23215!/:?]
	at java.base/java.util.concurrent.CompletableFuture$AsyncSupply.run(CompletableFuture.java:1768) ~[?:?]
	at TRANSFORMER/minecraft@1.21.4/net.minecraft.TracingExecutor.lambda$forName$0(TracingExecutor.java:18) ~[neoforge-21.4.123.jar%23215!/:?]
	at java.base/java.util.concurrent.ForkJoinTask$RunnableExecuteAction.exec(ForkJoinTask.java:1423) [?:?]
	at java.base/java.util.concurrent.ForkJoinTask.doExec(ForkJoinTask.java:387) [?:?]
	at java.base/java.util.concurrent.ForkJoinPool$WorkQueue.topLevelExec(ForkJoinPool.java:1312) [?:?]
	at java.base/java.util.concurrent.ForkJoinPool.scan(ForkJoinPool.java:1843) [?:?]
	at java.base/java.util.concurrent.ForkJoinPool.runWorker(ForkJoinPool.java:1808) [?:?]
	at java.base/java.util.concurrent.ForkJoinWorkerThread.run(ForkJoinWorkerThread.java:188) [?:?]
[29Mar2025 03:15:06.205] [Render thread/INFO] [com.mojang.blaze3d.audio.Library/]: OpenAL initialized on device OpenAL Soft on Speakers (Realtek(R) Audio)
[29Mar2025 03:15:06.208] [Render thread/INFO] [net.minecraft.client.sounds.SoundEngine/SOUNDS]: Sound engine started
[29Mar2025 03:15:06.451] [Render thread/INFO] [net.minecraft.client.renderer.texture.TextureAtlas/]: Created: 2048x2048x2 minecraft:textures/atlas/blocks.png-atlas
[29Mar2025 03:15:06.468] [Render thread/INFO] [net.minecraft.client.renderer.texture.TextureAtlas/]: Created: 256x256x2 minecraft:textures/atlas/signs.png-atlas
[29Mar2025 03:15:06.469] [Render thread/INFO] [net.minecraft.client.renderer.texture.TextureAtlas/]: Created: 512x512x2 minecraft:textures/atlas/shield_patterns.png-atlas
[29Mar2025 03:15:06.470] [Render thread/INFO] [net.minecraft.client.renderer.texture.TextureAtlas/]: Created: 512x512x2 minecraft:textures/atlas/banner_patterns.png-atlas
[29Mar2025 03:15:06.471] [Render thread/INFO] [net.minecraft.client.renderer.texture.TextureAtlas/]: Created: 2048x1024x2 minecraft:textures/atlas/armor_trims.png-atlas
[29Mar2025 03:15:06.505] [Render thread/INFO] [net.minecraft.client.renderer.texture.TextureAtlas/]: Created: 128x64x2 minecraft:textures/atlas/decorated_pot.png-atlas
[29Mar2025 03:15:06.507] [Render thread/INFO] [net.minecraft.client.renderer.texture.TextureAtlas/]: Created: 256x256x2 minecraft:textures/atlas/chest.png-atlas
[29Mar2025 03:15:06.518] [Render thread/INFO] [net.minecraft.client.renderer.texture.TextureAtlas/]: Created: 512x256x2 minecraft:textures/atlas/shulker_boxes.png-atlas
[29Mar2025 03:15:06.519] [Render thread/INFO] [net.minecraft.client.renderer.texture.TextureAtlas/]: Created: 512x256x2 minecraft:textures/atlas/beds.png-atlas
[29Mar2025 03:15:06.526] [Render thread/INFO] [net.minecraft.client.renderer.texture.TextureAtlas/]: Created: 64x64x0 minecraft:textures/atlas/map_decorations.png-atlas
[29Mar2025 03:15:06.707] [Render thread/INFO] [net.minecraft.client.renderer.texture.TextureAtlas/]: Created: 512x256x0 minecraft:textures/atlas/particles.png-atlas
[29Mar2025 03:15:06.711] [Render thread/INFO] [net.minecraft.client.renderer.texture.TextureAtlas/]: Created: 512x256x0 minecraft:textures/atlas/paintings.png-atlas
[29Mar2025 03:15:06.712] [Render thread/INFO] [net.minecraft.client.renderer.texture.TextureAtlas/]: Created: 256x128x0 minecraft:textures/atlas/mob_effects.png-atlas
[29Mar2025 03:15:06.713] [Render thread/INFO] [net.minecraft.client.renderer.texture.TextureAtlas/]: Created: 1024x512x0 minecraft:textures/atlas/gui.png-atlas
[29Mar2025 03:15:06.721] [Render thread/INFO] [net.neoforged.neoforge.client.entity.animation.json.AnimationLoader/]: Loaded 0 entity animations
[29Mar2025 03:15:18.556] [Worker-Main-5/ERROR] [net.minecraft.server.packs.resources.SimpleJsonResourceReloadListener/]: Couldn't parse data file 'i_forge_gorege:de' from 'i_forge_gorege:recipe/de.json': DataResult.Error['List must have contents; Not a JSON object: []': Optional[net.minecraft.world.item.crafting.SmithingTransformRecipe@15ddfe62]]
[29Mar2025 03:15:18.599] [Worker-Main-5/ERROR] [net.minecraft.server.packs.resources.SimpleJsonResourceReloadListener/]: Couldn't parse data file 'i_forge_gorege:e' from 'i_forge_gorege:recipe/e.json': DataResult.Error['List must have contents; Not a JSON object: []': Optional[net.minecraft.world.item.crafting.SmithingTransformRecipe@5449628d]]
[29Mar2025 03:15:19.160] [Render thread/INFO] [net.minecraft.world.item.crafting.RecipeManager/]: Loaded 1384 recipes
[29Mar2025 03:15:19.188] [Render thread/INFO] [net.minecraft.advancements.AdvancementTree/]: Loaded 1481 advancements
[29Mar2025 03:15:19.194] [Render thread/INFO] [net.neoforged.neoforge.common.crafting.RecipePriorityManager/]: Loaded 0 recipe priority overrides
[29Mar2025 03:15:41.749] [Worker-Main-3/ERROR] [net.minecraft.server.packs.resources.SimpleJsonResourceReloadListener/]: Couldn't parse data file 'i_forge_gorege:de' from 'i_forge_gorege:recipe/de.json': DataResult.Error['List must have contents; Not a JSON object: []': Optional[net.minecraft.world.item.crafting.SmithingTransformRecipe@4e614343]]
[29Mar2025 03:15:41.771] [Worker-Main-3/ERROR] [net.minecraft.server.packs.resources.SimpleJsonResourceReloadListener/]: Couldn't parse data file 'i_forge_gorege:e' from 'i_forge_gorege:recipe/e.json': DataResult.Error['List must have contents; Not a JSON object: []': Optional[net.minecraft.world.item.crafting.SmithingTransformRecipe@3b7d88d9]]
[29Mar2025 03:15:42.019] [Render thread/INFO] [net.minecraft.world.item.crafting.RecipeManager/]: Loaded 1384 recipes
[29Mar2025 03:15:42.033] [Render thread/INFO] [net.minecraft.advancements.AdvancementTree/]: Loaded 1481 advancements
[29Mar2025 03:15:42.034] [Render thread/INFO] [net.neoforged.neoforge.common.crafting.RecipePriorityManager/]: Loaded 0 recipe priority overrides
[29Mar2025 03:15:44.484] [Server thread/INFO] [net.minecraft.client.server.IntegratedServer/]: Starting integrated minecraft server version 1.21.4
[29Mar2025 03:15:44.485] [Server thread/INFO] [net.minecraft.server.MinecraftServer/]: Generating keypair
[29Mar2025 03:15:46.376] [Server thread/INFO] [net.minecraft.server.MinecraftServer/]: Preparing start region for dimension minecraft:overworld
[29Mar2025 03:15:47.251] [progressListener/INFO] [net.minecraft.server.level.progress.LoggerChunkProgressListener/]: Preparing spawn area: 2%
[29Mar2025 03:15:47.252] [progressListener/INFO] [net.minecraft.server.level.progress.LoggerChunkProgressListener/]: Preparing spawn area: 2%
[29Mar2025 03:15:47.413] [progressListener/INFO] [net.minecraft.server.level.progress.LoggerChunkProgressListener/]: Preparing spawn area: 2%
[29Mar2025 03:15:47.907] [progressListener/INFO] [net.minecraft.server.level.progress.LoggerChunkProgressListener/]: Preparing spawn area: 51%
[29Mar2025 03:15:48.140] [progressListener/INFO] [net.minecraft.server.level.progress.LoggerChunkProgressListener/]: Time elapsed: 1745 ms
[29Mar2025 03:15:48.143] [Server thread/INFO] [net.neoforged.neoforge.server.permission.PermissionAPI/]: Successfully initialized permission handler neoforge:default_handler
[29Mar2025 03:15:48.250] [Server thread/INFO] [net.minecraft.client.server.IntegratedServer/]: Changing view distance to 5, from 10
[29Mar2025 03:15:48.250] [Server thread/INFO] [net.minecraft.client.server.IntegratedServer/]: Changing simulation distance to 12, from 0
[29Mar2025 03:15:50.426] [Server thread/INFO] [net.minecraft.server.players.PlayerList/]: Dev[local:E:09fadeb3] logged in with entity id 1 at (-7.5, 56.0, -7.5)
[29Mar2025 03:15:50.584] [Server thread/INFO] [net.minecraft.server.MinecraftServer/]: Dev joined the game
[29Mar2025 03:15:50.836] [Render thread/INFO] [net.minecraft.advancements.AdvancementTree/]: Loaded 2 advancements
[29Mar2025 03:15:56.351] [Server thread/INFO] [net.minecraft.client.server.IntegratedServer/]: Saving and pausing game...
[29Mar2025 03:15:56.398] [Server thread/INFO] [net.minecraft.server.MinecraftServer/]: Saving chunks for level 'ServerLevel[New World]'/minecraft:overworld
[29Mar2025 03:15:56.432] [Server thread/INFO] [net.minecraft.server.MinecraftServer/]: Saving chunks for level 'ServerLevel[New World]'/i_forge_gorege:levodid
[29Mar2025 03:15:56.435] [Server thread/INFO] [net.minecraft.server.MinecraftServer/]: Saving chunks for level 'ServerLevel[New World]'/minecraft:the_nether
[29Mar2025 03:15:56.436] [Server thread/INFO] [net.minecraft.server.MinecraftServer/]: Saving chunks for level 'ServerLevel[New World]'/minecraft:the_end
[29Mar2025 03:16:41.465] [Render thread/INFO] [net.minecraft.advancements.AdvancementTree/]: Loaded 13 advancements
[29Mar2025 03:17:58.660] [Render thread/INFO] [net.minecraft.advancements.AdvancementTree/]: Loaded 14 advancements
[29Mar2025 03:18:05.000] [Server thread/INFO] [net.minecraft.client.server.IntegratedServer/]: Saving and pausing game...
[29Mar2025 03:18:05.037] [Server thread/INFO] [net.minecraft.server.MinecraftServer/]: Saving chunks for level 'ServerLevel[New World]'/minecraft:overworld
[29Mar2025 03:18:05.063] [Server thread/INFO] [net.minecraft.server.MinecraftServer/]: Saving chunks for level 'ServerLevel[New World]'/i_forge_gorege:levodid
[29Mar2025 03:18:05.065] [Server thread/INFO] [net.minecraft.server.MinecraftServer/]: Saving chunks for level 'ServerLevel[New World]'/minecraft:the_nether
[29Mar2025 03:18:05.067] [Server thread/INFO] [net.minecraft.server.MinecraftServer/]: Saving chunks for level 'ServerLevel[New World]'/minecraft:the_end
[29Mar2025 03:18:17.133] [Render thread/INFO] [net.minecraft.advancements.AdvancementTree/]: Loaded 50 advancements
[29Mar2025 03:18:26.012] [Render thread/INFO] [net.minecraft.advancements.AdvancementTree/]: Loaded 70 advancements
[29Mar2025 03:18:43.251] [Server thread/INFO] [net.minecraft.client.server.IntegratedServer/]: Saving and pausing game...
[29Mar2025 03:18:43.281] [Server thread/INFO] [net.minecraft.server.MinecraftServer/]: Saving chunks for level 'ServerLevel[New World]'/minecraft:overworld
[29Mar2025 03:18:43.293] [Server thread/INFO] [net.minecraft.server.MinecraftServer/]: Saving chunks for level 'ServerLevel[New World]'/i_forge_gorege:levodid
[29Mar2025 03:18:43.293] [Server thread/INFO] [net.minecraft.server.MinecraftServer/]: Saving chunks for level 'ServerLevel[New World]'/minecraft:the_nether
[29Mar2025 03:18:43.295] [Server thread/INFO] [net.minecraft.server.MinecraftServer/]: Saving chunks for level 'ServerLevel[New World]'/minecraft:the_end
[29Mar2025 03:19:35.997] [Server thread/INFO] [net.minecraft.server.MinecraftServer/]: [Dev: Set own game mode to Survival Mode]
[29Mar2025 03:19:36.024] [Render thread/INFO] [net.minecraft.client.gui.components.ChatComponent/]: [System] [CHAT] Set own game mode to Survival Mode
[29Mar2025 03:19:37.764] [Render thread/INFO] [net.minecraft.advancements.AdvancementTree/]: Loaded 72 advancements
[29Mar2025 03:19:41.811] [Server thread/INFO] [net.minecraft.server.MinecraftServer/]: Dev has made the advancement [Stone Age]
[29Mar2025 03:19:41.831] [Render thread/INFO] [net.minecraft.client.gui.components.ChatComponent/]: [System] [CHAT] Dev has made the advancement [Stone Age]
[29Mar2025 03:19:41.866] [Render thread/INFO] [net.minecraft.advancements.AdvancementTree/]: Loaded 90 advancements
[29Mar2025 03:21:39.366] [Render thread/INFO] [net.minecraft.advancements.AdvancementTree/]: Loaded 91 advancements
[29Mar2025 03:22:41.303] [Server thread/INFO] [net.minecraft.server.MinecraftServer/]: Dev has made the advancement [Diamonds!]
[29Mar2025 03:22:41.312] [Render thread/INFO] [net.minecraft.client.gui.components.ChatComponent/]: [System] [CHAT] Dev has made the advancement [Diamonds!]
[29Mar2025 03:22:41.315] [Render thread/INFO] [net.minecraft.advancements.AdvancementTree/]: Loaded 106 advancements
[29Mar2025 03:22:44.126] [Server thread/INFO] [net.minecraft.server.MinecraftServer/]: Dev has made the advancement [Acquire Hardware]
[29Mar2025 03:22:44.176] [Render thread/INFO] [net.minecraft.client.gui.components.ChatComponent/]: [System] [CHAT] Dev has made the advancement [Acquire Hardware]
[29Mar2025 03:22:44.178] [Render thread/INFO] [net.minecraft.advancements.AdvancementTree/]: Loaded 147 advancements
[29Mar2025 03:23:49.050] [Server thread/INFO] [net.minecraft.client.server.IntegratedServer/]: Saving and pausing game...
[29Mar2025 03:23:49.083] [Server thread/INFO] [net.minecraft.server.MinecraftServer/]: Saving chunks for level 'ServerLevel[New World]'/minecraft:overworld
[29Mar2025 03:23:49.092] [Server thread/INFO] [net.minecraft.server.MinecraftServer/]: Saving chunks for level 'ServerLevel[New World]'/i_forge_gorege:levodid
[29Mar2025 03:23:49.093] [Server thread/INFO] [net.minecraft.server.MinecraftServer/]: Saving chunks for level 'ServerLevel[New World]'/minecraft:the_nether
[29Mar2025 03:23:49.094] [Server thread/INFO] [net.minecraft.server.MinecraftServer/]: Saving chunks for level 'ServerLevel[New World]'/minecraft:the_end
[29Mar2025 03:24:14.000] [Server thread/INFO] [net.minecraft.client.server.IntegratedServer/]: Saving and pausing game...
[29Mar2025 03:24:14.037] [Server thread/INFO] [net.minecraft.server.MinecraftServer/]: Saving chunks for level 'ServerLevel[New World]'/minecraft:overworld
[29Mar2025 03:24:14.045] [Server thread/INFO] [net.minecraft.server.MinecraftServer/]: Saving chunks for level 'ServerLevel[New World]'/i_forge_gorege:levodid
[29Mar2025 03:24:14.046] [Server thread/INFO] [net.minecraft.server.MinecraftServer/]: Saving chunks for level 'ServerLevel[New World]'/minecraft:the_nether
[29Mar2025 03:24:14.047] [Server thread/INFO] [net.minecraft.server.MinecraftServer/]: Saving chunks for level 'ServerLevel[New World]'/minecraft:the_end
[29Mar2025 03:24:19.105] [Server thread/INFO] [net.minecraft.server.network.ServerGamePacketListenerImpl/]: Dev lost connection: Disconnected
[29Mar2025 03:24:19.106] [Server thread/INFO] [net.minecraft.server.MinecraftServer/]: Dev left the game
[29Mar2025 03:24:19.130] [Server thread/INFO] [net.minecraft.server.network.ServerCommonPacketListenerImpl/]: Stopping singleplayer server as player logged out
[29Mar2025 03:24:19.151] [Server thread/INFO] [net.minecraft.server.MinecraftServer/]: Stopping server
[29Mar2025 03:24:19.152] [Server thread/INFO] [net.minecraft.server.MinecraftServer/]: Saving players
[29Mar2025 03:24:19.152] [Server thread/INFO] [net.minecraft.server.MinecraftServer/]: Saving worlds
[29Mar2025 03:24:20.857] [Server thread/INFO] [net.minecraft.server.MinecraftServer/]: Saving chunks for level 'ServerLevel[New World]'/minecraft:overworld
[29Mar2025 03:24:20.901] [Server thread/INFO] [net.minecraft.server.MinecraftServer/]: Saving chunks for level 'ServerLevel[New World]'/i_forge_gorege:levodid
[29Mar2025 03:24:20.906] [Server thread/INFO] [net.minecraft.server.MinecraftServer/]: Saving chunks for level 'ServerLevel[New World]'/minecraft:the_nether
[29Mar2025 03:24:20.913] [Server thread/INFO] [net.minecraft.server.MinecraftServer/]: Saving chunks for level 'ServerLevel[New World]'/minecraft:the_end
[29Mar2025 03:24:20.938] [Server thread/INFO] [net.minecraft.server.MinecraftServer/]: ThreadedAnvilChunkStorage (New World): All chunks are saved
[29Mar2025 03:24:20.939] [Server thread/INFO] [net.minecraft.server.MinecraftServer/]: ThreadedAnvilChunkStorage (levodid): All chunks are saved
[29Mar2025 03:24:20.939] [Server thread/INFO] [net.minecraft.server.MinecraftServer/]: ThreadedAnvilChunkStorage (DIM-1): All chunks are saved
[29Mar2025 03:24:20.939] [Server thread/INFO] [net.minecraft.server.MinecraftServer/]: ThreadedAnvilChunkStorage (DIM1): All chunks are saved
[29Mar2025 03:24:20.939] [Server thread/INFO] [net.minecraft.server.MinecraftServer/]: ThreadedAnvilChunkStorage: All dimensions are saved
[29Mar2025 03:24:22.058] [Render thread/INFO] [net.minecraft.client.Minecraft/]: Stopping!
